<?xml version="1.0" encoding="UTF-8"?>
<testsuite name="AddSomeNumbersTest" tests="1" skipped="0" failures="0" errors="0" timestamp="2021-04-01T09:47:47" hostname="wadek" time="0.098">
  <properties/>
  <testcase name="addTwoNumbers()" classname="AddSomeNumbersTest" time="0.098"/>
  <system-out><![CDATA[]]></system-out>
  <system-err><![CDATA[]]></system-err>
</testsuite>
