<?xml version="1.0" encoding="UTF-8"?>
<testsuite name="AddSomeNumbersTest" tests="1" skipped="0" failures="0" errors="0" timestamp="2021-03-30T22:32:32" hostname="wadek" time="0.031">
  <properties/>
  <testcase name="addTwoNumbers()" classname="AddSomeNumbersTest" time="0.031"/>
  <system-out><![CDATA[]]></system-out>
  <system-err><![CDATA[]]></system-err>
</testsuite>
